<?xml version="1.0" encoding="utf-8"?><testsuites><testsuite name="pytest" errors="0" failures="0" skipped="0" tests="7" time="0.880" timestamp="2025-10-21T13:43:55.258567+00:00" hostname="runnervmwhb2z"><testcase classname="tests.test_login_long" name="test_login_long" time="0.065" /><testcase classname="tests.test_login_positive" name="test_login_should_positive" time="0.004" /><testcase classname="tests.test_login_sql_injection" name="test_login_should_not_allow_sql_injection" time="0.004" /><testcase classname="tests.test_search_sql_like" name="test_search_should_not_return_all_on_injection" time="0.007" /><testcase classname="tests.test_search_sql_like_long" name="test_search_long_parameter" time="0.003" /><testcase classname="tests.test_xss_escaping" name="test_echo_should_escape_script_tags" time="0.016" /><testcase classname="tests.test_xss_image" name="test_echo_should_escape_img_onerror" time="0.004" /></testsuite></testsuites>